-------------------------------------------------------------------------------
Test set: com.qishun.qishunstudy.QishunstudyApplicationTests
-------------------------------------------------------------------------------
Tests run: 1, Failures: 0, Errors: 1, Skipped: 0, Time elapsed: 8.288 s <<< FAILURE! - in com.qishun.qishunstudy.QishunstudyApplicationTests
contextLoads(com.qishun.qishunstudy.QishunstudyApplicationTests)  Time elapsed: 1.151 s  <<< ERROR!
org.springframework.jdbc.BadSqlGrammarException: 

### Error querying database.  Cause: com.mysql.jdbc.exceptions.jdbc4.MySQLSyntaxErrorException: Unknown error 1146
### The error may exist in file [/Users/yuqishun/code/idea/bnb-seach-index/bnb-web/target/classes/mapper/UserMapper.xml]
### The error may involve defaultParameterMap
### The error occurred while setting parameters
### SQL: SELECT count(0) FROM t_user
### Cause: com.mysql.jdbc.exceptions.jdbc4.MySQLSyntaxErrorException: Unknown error 1146
; bad SQL grammar []; nested exception is com.mysql.jdbc.exceptions.jdbc4.MySQLSyntaxErrorException: Unknown error 1146
	at com.qishun.qishunstudy.QishunstudyApplicationTests.contextLoads(QishunstudyApplicationTests.java:22)
Caused by: com.mysql.jdbc.exceptions.jdbc4.MySQLSyntaxErrorException: Unknown error 1146
	at com.qishun.qishunstudy.QishunstudyApplicationTests.contextLoads(QishunstudyApplicationTests.java:22)

